build/app/outputs/mapping/release/seeds.txt
com.example.register.MainActivity: MainActivity()
com.example.register.MainActivity
...
com.google.android.exoplayer2.decoder.OutputBuffer: OutputBuffer()
io.flutter.plugins.GeneratedPluginRegistrant: void registerWith(io.flutter.embedding.engine.FlutterEngine)
com.google.android.exoplayer2.video.VideoDecoderOutputBuffer: int colorspace
io.flutter.embedding.engine.FlutterJNI: void destroyOverlaySurfaces()
io.flutter.embedding.engine.FlutterJNI: void onSurfaceCreated(android.view.Surface)
io.flutter.plugin.platform.SingleViewPresentation: int viewId
android.support.v4.graphics.drawable.IconCompatParcelizer
io.flutter.embedding.android.DrawableSplashScreen$DrawableSplashScreenView: void setSplashDrawable(android.graphics.drawable.Drawable)
androidx.core.R$id: int accessibility_custom_action_25
io.flutter.embedding.engine.FlutterJNI: boolean isAttached()
com.google.android.exoplayer2.Format: android.os.Parcelable$Creator CREATOR
com.google.android.exoplayer2.decoder.Buffer: void setFlags(int)
io.flutter.view.FlutterCallbackInformation: java.lang.String callbackLibraryPath
androidx.core.R$id: int action_container
com.google.android.exoplayer2.video.VideoDecoderOutputBuffer: int height
androidx.lifecycle.Lifecycle$Event: androidx.lifecycle.Lifecycle$Event ON_RESUME
com.google.android.exoplayer2.metadata.icy.IcyHeaders: android.os.Parcelable$Creator CREATOR
com.google.android.gms.common.ConnectionResult: android.os.Parcelable$Creator CREATOR
io.flutter.view.AccessibilityViewEmbedder: int nextFlutterId
androidx.lifecycle.ReportFragment$LifecycleCallbacks: void onActivityPostResumed(android.app.Activity)
com.google.android.exoplayer2.video.VideoDecoderOutputBuffer: int COLORSPACE_UNKNOWN
io.flutter.embedding.android.FlutterSplashView$SavedState: android.os.Bundle access$700(io.flutter.embedding.android.FlutterSplashView$SavedState)
androidx.core.R$id: int accessibility_custom_action_14
io.flutter.embedding.engine.FlutterJNI: void nativeUnregisterTexture(long,long)
io.flutter.plugin.platform.SingleViewPresentation: io.flutter.plugin.platform.SingleViewPresentation$PresentationState detachState()
com.google.android.gms.auth.api.signin.GoogleSignInAccount: android.os.Parcelable$Creator CREATOR
io.flutter.embedding.engine.systemchannels.PlatformChannel$SystemUiOverlay: io.flutter.embedding.engine.systemchannels.PlatformChannel$SystemUiOverlay[] values()
io.flutter.plugin.editing.ImeSyncDeferringInsetsCallback: android.view.WindowInsets onProgress(android.view.WindowInsets,java.util.List)
io.flutter.view.AccessibilityViewEmbedder: void setFlutterNodesTranslateBounds(android.view.accessibility.AccessibilityNodeInfo,android.graphics.Rect,android.view.accessibility.AccessibilityNodeInfo)
io.flutter.embedding.engine.FlutterJNI: void dispatchSemanticsAction(int,io.flutter.view.AccessibilityBridge$Action,java.lang.Object)
io.flutter.embedding.engine.FlutterJNI: io.flutter.embedding.engine.FlutterJNI$AsyncWaitForVsyncDelegate asyncWaitForVsyncDelegate
io.flutter.view.AccessibilityViewEmbedder: void copyAccessibilityFields(android.view.accessibility.AccessibilityNodeInfo,android.view.accessibility.AccessibilityNodeInfo)
io.flutter.embedding.engine.FlutterJNI: void nativeDispatchEmptyPlatformMessage(long,java.lang.String,int)
io.flutter.embedding.engine.FlutterJNI: boolean nativeFlutterTextUtilsIsVariationSelector(int)
io.flutter.embedding.engine.FlutterJNI: java.util.Set engineLifecycleListeners
io.flutter.view.FlutterCallbackInformation: io.flutter.view.FlutterCallbackInformation lookupCallbackInformation(long)
com.google.android.exoplayer2.decoder.Buffer: Buffer()
androidx.core.app.CoreComponentFactory: CoreComponentFactory()
io.flutter.embedding.engine.FlutterJNI: void onSurfaceWindowChanged(android.view.Surface)
androidx.lifecycle.ReportFragment$LifecycleCallbacks: void onActivityDestroyed(android.app.Activity)
com.google.android.exoplayer2.video.VideoDecoderOutputBuffer: java.nio.ByteBuffer[] yuvPlanes
com.google.android.exoplayer2.metadata.emsg.EventMessage: android.os.Parcelable$Creator CREATOR