build/app/outputs/mapping/release/mapping.txt
# compiler: R8
# compiler_version: 2.0.88
# min_api: 21
# pg_map_id: 561d5d5
# common_typos_disable
...
com.google.common.collect.ImmutableMultimap -> c.c.b.b.q:
    com.google.common.collect.ImmutableMap map -> b
    java.util.Map asMap() -> a
    com.google.common.collect.ImmutableMap asMap() -> b
com.google.common.collect.ImmutableMultimap$Builder -> c.c.b.b.q$a:
    java.util.Map builderMap -> a
    java.util.Comparator valueComparator -> c
    java.util.Comparator keyComparator -> b
    com.google.common.collect.ImmutableMultimap build() -> a
    java.util.Collection newMutableValueCollection() -> b
    com.google.common.collect.ImmutableMultimap$Builder putAll(java.lang.Object,java.lang.Iterable) -> c
    com.google.common.collect.ImmutableMultimap$Builder putAll(java.lang.Object,java.lang.Object[]) -> d
com.google.common.collect.ImmutableSet -> c.c.b.b.r:
    com.google.common.collect.ImmutableList asList -> c
    com.google.common.collect.ImmutableList asList() -> a
    int chooseTableSize(int) -> h
    com.google.common.collect.ImmutableList createAsList() -> i
    boolean isHashCodeFast() -> j
com.google.common.collect.Iterables -> c.c.b.b.s:
    java.util.Collection castOrCopyToCollection(java.lang.Iterable) -> a
    java.lang.Object getLast(java.lang.Iterable) -> b
    java.lang.Object getLastInNonemptyList(java.util.List) -> c
    java.lang.Object[] toArray(java.lang.Iterable) -> d
    java.lang.String toString(java.lang.Iterable) -> e
com.google.common.collect.Iterators -> c.c.b.b.t:
    boolean addAll(java.util.Collection,java.util.Iterator) -> a
    boolean elementsEqual(java.util.Iterator,java.util.Iterator) -> b
    java.lang.Object getLast(java.util.Iterator) -> c
    java.lang.String toString(java.util.Iterator) -> d
com.google.common.collect.Lists -> c.c.b.b.u:
    boolean equalsImpl(java.util.List,java.lang.Object) -> a
    int indexOfImpl(java.util.List,java.lang.Object) -> b
    int indexOfRandomAccess(java.util.List,java.lang.Object) -> c
    int lastIndexOfImpl(java.util.List,java.lang.Object) -> d
    int lastIndexOfRandomAccess(java.util.List,java.lang.Object) -> e
    java.util.ArrayList newArrayList() -> f
    java.util.ArrayList newArrayList(java.util.Iterator) -> g
com.google.common.collect.Maps -> c.c.b.b.w:
    boolean equalsImpl(java.util.Map,java.lang.Object) -> a
    com.google.common.base.Function keyFunction() -> b
    java.util.IdentityHashMap newIdentityHashMap() -> c
    java.lang.String toStringImpl(java.util.Map) -> d
    com.google.common.base.Function valueFunction() -> e
com.google.common.collect.Maps$1 -> c.c.b.b.v:
com.google.common.collect.Maps$EntryFunction -> c.c.b.b.w$a:
    com.google.common.collect.Maps$EntryFunction VALUE -> c
    com.google.common.collect.Maps$EntryFunction KEY -> b
    com.google.common.collect.Maps$EntryFunction[] $VALUES -> d
com.google.common.collect.Maps$EntryFunction$1 -> c.c.b.b.w$a$a:
    java.lang.Object apply(java.lang.Object) -> a
    java.lang.Object apply(java.util.Map$Entry) -> b
com.google.common.collect.Maps$EntryFunction$2 -> c.c.b.b.w$a$b:
    java.lang.Object apply(java.lang.Object) -> a
    java.lang.Object apply(java.util.Map$Entry) -> b
com.google.common.collect.Multimap -> c.c.b.b.x:
    java.util.Map asMap() -> a
com.google.common.collect.Multimaps -> c.c.b.b.y:
    boolean equalsImpl(com.google.common.collect.Multimap,java.lang.Object) -> a
com.google.common.collect.NaturalOrdering -> c.c.b.b.z:
    com.google.common.collect.NaturalOrdering INSTANCE -> b
    com.google.common.collect.Ordering reverse() -> f
    int compare(java.lang.Comparable,java.lang.Comparable) -> g
com.google.common.collect.ObjectArrays -> c.c.b.b.a0:
    java.lang.Object checkElementNotNull(java.lang.Object,int) -> a
    java.lang.Object[] checkElementsNotNull(java.lang.Object[]) -> b
    java.lang.Object[] checkElementsNotNull(java.lang.Object[],int) -> c
    java.lang.Object[] newArray(java.lang.Object[],int) -> d