build/app/outputs/mapping/release/usage.txt
com.example.register.R$layout
com.example.register.R
com.example.register.R$attr
com.example.register.R$string
com.example.register.R$xml
com.example.register.R$style
com.example.register.BuildConfig
com.example.register.R$id
com.example.register.R$styleable
com.example.register.R$mipmap
com.example.register.R$dimen
com.example.register.R$drawable
com.example.register.R$integer
com.example.register.R$color
...
com.baseflow.permissionhandler.R$dimen
com.google.common.math.LongMath$MillerRabinTester
androidx.core.R$layout
com.google.common.collect.RegularContiguousSet$1
androidx.lifecycle.Transformations$2
com.google.common.collect.Sets$1$1
kotlin.HashCodeKt
androidx.core.os.EnvironmentCompat
com.google.android.exoplayer2.trackselection.MappingTrackSelector$MappedTrackInfo:
    public java.lang.String getRendererName(int)
    public int getRendererSupport(int)
    public int getTrackTypeRendererSupport(int)
    public int getTypeSupport(int)
    public int getTrackFormatSupport(int,int,int)
    public int getTrackSupport(int,int,int)
    public int getAdaptiveSupport(int,int,boolean)
    public int getAdaptiveSupport(int,int,int[])
    public com.google.android.exoplayer2.source.TrackGroupArray getUnassociatedTrackGroups()
    public com.google.android.exoplayer2.source.TrackGroupArray getUnmappedTrackGroups()
    public static final int RENDERER_SUPPORT_NO_TRACKS
    public static final int RENDERER_SUPPORT_UNSUPPORTED_TRACKS
    public static final int RENDERER_SUPPORT_EXCEEDS_CAPABILITIES_TRACKS
    public static final int RENDERER_SUPPORT_PLAYABLE_TRACKS
io.flutter.plugins.googlemaps.R$id
io.flutter.embedding.engine.systemchannels.NavigationChannel:
    public void pushRoute(java.lang.String)
    public void setMethodCallHandler(io.flutter.plugin.common.MethodChannel$MethodCallHandler)
    private static final java.lang.String TAG
io.flutter.embedding.engine.FlutterEnginePluginRegistry$DefaultFlutterAssets:
    public java.lang.String getAssetFilePathByName(java.lang.String)
    public java.lang.String getAssetFilePathByName(java.lang.String,java.lang.String)
    public java.lang.String getAssetFilePathBySubpath(java.lang.String)
    public java.lang.String getAssetFilePathBySubpath(java.lang.String,java.lang.String)
kotlin.sequences.SequencesKt___SequencesKt$zipWithNext$1
androidx.core.widget.TintableCompoundDrawablesView
com.google.common.base.CommonMatcher
com.google.common.util.concurrent.AbstractFuture:
    protected final boolean wasInterrupted()
    protected boolean setFuture(com.google.common.util.concurrent.ListenableFuture)
    final void maybePropagateCancellationTo(java.util.concurrent.Future)
    private static final long SPIN_THRESHOLD_NANOS
javax.annotation.WillNotClose
org.checkerframework.checker.nullness.compatqual.NonNullDecl
com.google.common.util.concurrent.TimeoutFuture$1
androidx.viewpager.widget.ViewPager$SavedState$1
com.google.common.collect.Iterables$6$1
com.google.common.collect.Multimaps$Entries
com.google.common.collect.StandardRowSortedTable$RowSortedMap
com.google.android.gms.maps.zzj
io.flutter.plugin.common.BasicMessageChannel:
    static void resizeChannelBuffer(io.flutter.plugin.common.BinaryMessenger,java.lang.String,int)
    public void resizeChannelBuffer(int)
    private static final java.lang.String TAG
    public static final java.lang.String CHANNEL_BUFFERS_CHANNEL
com.google.common.graph.Traverser$Order
kotlin.coroutines.experimental.jvm.internal.CoroutineImpl
kotlin.sequences.SequencesKt___SequencesKt$asIterable$$inlined$Iterable$1
kotlin.properties.ObservableProperty
kotlin.jvm.internal.StringCompanionObject
androidx.core.view.inputmethod.InputContentInfoCompat$InputContentInfoCompatApi25Impl
androidx.loader.content.ModernAsyncTask$4
com.baseflow.permissionhandler.R$style
com.google.errorprone.annotations.concurrent.UnlockMethod
com.google.common.collect.Maps$10
androidx.viewpager.widget.ViewPager$PageTransformer
androidx.core.view.accessibility.AccessibilityManagerCompat$TouchExplorationStateChangeListener
com.lyokone.location.R$id
com.google.android.exoplayer2.extractor.ts.H262Reader:
    private static final int START_PICTURE
    private static final int START_SEQUENCE_HEADER
    private static final int START_EXTENSION
    private static final int START_GROUP
    private static final int START_USER_DATA
kotlin.internal.InlineOnly
com.google.common.collect.Multimaps$Keys$1